十一月 13, 2016 7:52:37 上午 com.genuitec.pulse.client.deliverypackage.runtime.internal.Activator initializeLoggers
信息: Package starting up at Sun Nov 13 07:52:37 CST 2016
十一月 13, 2016 7:52:39 上午 com.genuitec.pulse.client.deliverypackage.runtime.UpdatesService checkForWorkspaceUpdates
信息: Latest version of package has already been enabled in the workspace; check finished in 10ms
十一月 13, 2016 8:02:58 上午 org.springframework.beans.factory.xml.XmlBeanDefinitionReader loadBeanDefinitions
信息: Loading XML bean definitions from file [E:/Program/javaEE/meilishuo/src/app1.xml]
十一月 13, 2016 8:02:58 上午 org.springframework.beans.factory.xml.XmlBeanDefinitionReader loadBeanDefinitions
信息: Loading XML bean definitions from file [E:/Program/javaEE/meilishuo/src/specification.xml]
十一月 13, 2016 8:05:23 上午 org.springframework.beans.factory.xml.XmlBeanDefinitionReader loadBeanDefinitions
信息: Loading XML bean definitions from file [E:/Program/javaEE/meilishuo/src/app1.xml]
十一月 13, 2016 8:05:23 上午 org.springframework.beans.factory.xml.XmlBeanDefinitionReader loadBeanDefinitions
信息: Loading XML bean definitions from file [E:/Program/javaEE/meilishuo/src/specification.xml]
十一月 13, 2016 8:08:47 上午 org.springframework.beans.factory.xml.XmlBeanDefinitionReader loadBeanDefinitions
信息: Loading XML bean definitions from file [E:/Program/javaEE/meilishuo/src/app1.xml]
十一月 13, 2016 8:08:47 上午 org.springframework.beans.factory.xml.XmlBeanDefinitionReader loadBeanDefinitions
信息: Loading XML bean definitions from file [E:/Program/javaEE/meilishuo/src/specification.xml]
十一月 13, 2016 8:12:28 上午 org.springframework.beans.factory.xml.XmlBeanDefinitionReader loadBeanDefinitions
信息: Loading XML bean definitions from file [E:/Program/javaEE/meilishuo/src/app1.xml]
十一月 13, 2016 8:12:28 上午 org.springframework.beans.factory.xml.XmlBeanDefinitionReader loadBeanDefinitions
信息: Loading XML bean definitions from file [E:/Program/javaEE/meilishuo/src/specification.xml]
十一月 13, 2016 8:13:39 上午 org.springframework.beans.factory.xml.XmlBeanDefinitionReader loadBeanDefinitions
信息: Loading XML bean definitions from file [E:/Program/javaEE/meilishuo/src/app1.xml]
十一月 13, 2016 8:13:39 上午 org.springframework.beans.factory.xml.XmlBeanDefinitionReader loadBeanDefinitions
信息: Loading XML bean definitions from file [E:/Program/javaEE/meilishuo/src/specification.xml]
十一月 13, 2016 8:31:03 上午 org.springframework.beans.factory.xml.XmlBeanDefinitionReader loadBeanDefinitions
信息: Loading XML bean definitions from file [E:/Program/javaEE/meilishuo/src/app1.xml]
十一月 13, 2016 8:31:03 上午 org.springframework.beans.factory.xml.XmlBeanDefinitionReader loadBeanDefinitions
信息: Loading XML bean definitions from file [E:/Program/javaEE/meilishuo/src/specification.xml]
十一月 13, 2016 8:32:53 上午 org.springframework.beans.factory.xml.XmlBeanDefinitionReader loadBeanDefinitions
信息: Loading XML bean definitions from file [E:/Program/javaEE/meilishuo/src/app1.xml]
十一月 13, 2016 8:32:53 上午 org.springframework.beans.factory.xml.XmlBeanDefinitionReader loadBeanDefinitions
信息: Loading XML bean definitions from file [E:/Program/javaEE/meilishuo/src/specification.xml]
十一月 13, 2016 8:34:18 上午 org.springframework.beans.factory.xml.XmlBeanDefinitionReader loadBeanDefinitions
信息: Loading XML bean definitions from file [E:/Program/javaEE/meilishuo/src/app1.xml]
十一月 13, 2016 8:34:18 上午 org.springframework.beans.factory.xml.XmlBeanDefinitionReader loadBeanDefinitions
信息: Loading XML bean definitions from file [E:/Program/javaEE/meilishuo/src/specification.xml]
十一月 13, 2016 8:36:04 上午 org.springframework.beans.factory.xml.XmlBeanDefinitionReader loadBeanDefinitions
信息: Loading XML bean definitions from file [E:/Program/javaEE/meilishuo/src/app1.xml]
十一月 13, 2016 8:36:04 上午 org.springframework.beans.factory.xml.XmlBeanDefinitionReader loadBeanDefinitions
信息: Loading XML bean definitions from file [E:/Program/javaEE/meilishuo/src/specification.xml]
十一月 13, 2016 9:22:10 上午 org.springframework.beans.factory.xml.XmlBeanDefinitionReader loadBeanDefinitions
信息: Loading XML bean definitions from file [E:/Program/javaEE/meilishuo/src/app1.xml]
十一月 13, 2016 9:22:10 上午 org.springframework.beans.factory.xml.XmlBeanDefinitionReader loadBeanDefinitions
信息: Loading XML bean definitions from file [E:/Program/javaEE/meilishuo/src/specification.xml]
十一月 13, 2016 9:23:37 上午 org.springframework.beans.factory.xml.XmlBeanDefinitionReader loadBeanDefinitions
信息: Loading XML bean definitions from file [E:/Program/javaEE/meilishuo/src/app1.xml]
十一月 13, 2016 9:23:37 上午 org.springframework.beans.factory.xml.XmlBeanDefinitionReader loadBeanDefinitions
信息: Loading XML bean definitions from file [E:/Program/javaEE/meilishuo/src/specification.xml]
十一月 13, 2016 9:30:34 上午 org.springframework.beans.factory.xml.XmlBeanDefinitionReader loadBeanDefinitions
信息: Loading XML bean definitions from file [E:/Program/javaEE/meilishuo/src/app1.xml]
十一月 13, 2016 9:30:34 上午 org.springframework.beans.factory.xml.XmlBeanDefinitionReader loadBeanDefinitions
信息: Loading XML bean definitions from file [E:/Program/javaEE/meilishuo/src/specification.xml]
十一月 13, 2016 9:34:03 上午 org.springframework.beans.factory.xml.XmlBeanDefinitionReader loadBeanDefinitions
信息: Loading XML bean definitions from file [E:/Program/javaEE/meilishuo/src/app1.xml]
十一月 13, 2016 9:34:03 上午 org.springframework.beans.factory.xml.XmlBeanDefinitionReader loadBeanDefinitions
信息: Loading XML bean definitions from file [E:/Program/javaEE/meilishuo/src/specification.xml]
十一月 13, 2016 9:34:53 上午 org.springframework.beans.factory.xml.XmlBeanDefinitionReader loadBeanDefinitions
信息: Loading XML bean definitions from file [E:/Program/javaEE/meilishuo/src/app1.xml]
十一月 13, 2016 9:34:54 上午 org.springframework.beans.factory.xml.XmlBeanDefinitionReader loadBeanDefinitions
信息: Loading XML bean definitions from file [E:/Program/javaEE/meilishuo/src/specification.xml]
十一月 13, 2016 9:35:19 上午 org.springframework.beans.factory.xml.XmlBeanDefinitionReader loadBeanDefinitions
信息: Loading XML bean definitions from file [E:/Program/javaEE/meilishuo/src/app1.xml]
十一月 13, 2016 9:35:19 上午 org.springframework.beans.factory.xml.XmlBeanDefinitionReader loadBeanDefinitions
信息: Loading XML bean definitions from file [E:/Program/javaEE/meilishuo/src/specification.xml]
十一月 13, 2016 9:47:56 上午 org.springframework.beans.factory.xml.XmlBeanDefinitionReader loadBeanDefinitions
信息: Loading XML bean definitions from file [E:/Program/javaEE/meilishuo/src/app1.xml]
十一月 13, 2016 9:47:56 上午 org.springframework.beans.factory.xml.XmlBeanDefinitionReader loadBeanDefinitions
信息: Loading XML bean definitions from file [E:/Program/javaEE/meilishuo/src/specification.xml]
十一月 13, 2016 9:48:16 上午 org.springframework.beans.factory.xml.XmlBeanDefinitionReader loadBeanDefinitions
信息: Loading XML bean definitions from file [E:/Program/javaEE/meilishuo/src/app1.xml]
十一月 13, 2016 9:48:16 上午 org.springframework.beans.factory.xml.XmlBeanDefinitionReader loadBeanDefinitions
信息: Loading XML bean definitions from file [E:/Program/javaEE/meilishuo/src/specification.xml]
十一月 13, 2016 9:48:32 上午 org.springframework.beans.factory.xml.XmlBeanDefinitionReader loadBeanDefinitions
信息: Loading XML bean definitions from file [E:/Program/javaEE/meilishuo/src/app1.xml]
十一月 13, 2016 9:48:33 上午 org.springframework.beans.factory.xml.XmlBeanDefinitionReader loadBeanDefinitions
信息: Loading XML bean definitions from file [E:/Program/javaEE/meilishuo/src/specification.xml]
十一月 13, 2016 9:48:40 上午 org.springframework.beans.factory.xml.XmlBeanDefinitionReader loadBeanDefinitions
信息: Loading XML bean definitions from file [E:/Program/javaEE/meilishuo/src/app1.xml]
十一月 13, 2016 9:48:40 上午 org.springframework.beans.factory.xml.XmlBeanDefinitionReader loadBeanDefinitions
信息: Loading XML bean definitions from file [E:/Program/javaEE/meilishuo/src/specification.xml]
十一月 13, 2016 9:49:06 上午 org.springframework.beans.factory.xml.XmlBeanDefinitionReader loadBeanDefinitions
信息: Loading XML bean definitions from file [E:/Program/javaEE/meilishuo/src/app1.xml]
十一月 13, 2016 9:49:06 上午 org.springframework.beans.factory.xml.XmlBeanDefinitionReader loadBeanDefinitions
信息: Loading XML bean definitions from file [E:/Program/javaEE/meilishuo/src/specification.xml]
十一月 13, 2016 9:49:30 上午 org.springframework.beans.factory.xml.XmlBeanDefinitionReader loadBeanDefinitions
信息: Loading XML bean definitions from file [E:/Program/javaEE/meilishuo/src/app1.xml]
十一月 13, 2016 9:49:30 上午 org.springframework.beans.factory.xml.XmlBeanDefinitionReader loadBeanDefinitions
信息: Loading XML bean definitions from file [E:/Program/javaEE/meilishuo/src/specification.xml]
十一月 13, 2016 9:50:30 上午 org.springframework.beans.factory.xml.XmlBeanDefinitionReader loadBeanDefinitions
信息: Loading XML bean definitions from file [E:/Program/javaEE/meilishuo/src/app1.xml]
十一月 13, 2016 9:50:30 上午 org.springframework.beans.factory.xml.XmlBeanDefinitionReader loadBeanDefinitions
信息: Loading XML bean definitions from file [E:/Program/javaEE/meilishuo/src/specification.xml]
十一月 13, 2016 9:51:28 上午 org.springframework.beans.factory.xml.XmlBeanDefinitionReader loadBeanDefinitions
信息: Loading XML bean definitions from file [E:/Program/javaEE/meilishuo/src/app1.xml]
十一月 13, 2016 9:51:28 上午 org.springframework.beans.factory.xml.XmlBeanDefinitionReader loadBeanDefinitions
信息: Loading XML bean definitions from file [E:/Program/javaEE/meilishuo/src/specification.xml]
十一月 13, 2016 11:06:10 上午 org.springframework.beans.factory.xml.XmlBeanDefinitionReader loadBeanDefinitions
信息: Loading XML bean definitions from file [E:/Program/javaEE/meilishuo/src/app1.xml]
十一月 13, 2016 11:06:10 上午 org.springframework.beans.factory.xml.XmlBeanDefinitionReader loadBeanDefinitions
信息: Loading XML bean definitions from file [E:/Program/javaEE/meilishuo/src/specification.xml]
十一月 13, 2016 11:06:26 上午 org.springframework.beans.factory.xml.XmlBeanDefinitionReader loadBeanDefinitions
信息: Loading XML bean definitions from file [E:/Program/javaEE/meilishuo/src/app1.xml]
十一月 13, 2016 11:06:26 上午 org.springframework.beans.factory.xml.XmlBeanDefinitionReader loadBeanDefinitions
信息: Loading XML bean definitions from file [E:/Program/javaEE/meilishuo/src/specification.xml]
十一月 13, 2016 11:06:30 上午 org.springframework.beans.factory.xml.XmlBeanDefinitionReader loadBeanDefinitions
信息: Loading XML bean definitions from file [E:/Program/javaEE/meilishuo/src/app1.xml]
十一月 13, 2016 11:06:30 上午 org.springframework.beans.factory.xml.XmlBeanDefinitionReader loadBeanDefinitions
信息: Loading XML bean definitions from file [E:/Program/javaEE/meilishuo/src/specification.xml]
十一月 13, 2016 11:07:33 上午 org.springframework.beans.factory.xml.XmlBeanDefinitionReader loadBeanDefinitions
信息: Loading XML bean definitions from file [E:/Program/javaEE/meilishuo/src/app1.xml]
十一月 13, 2016 11:07:33 上午 org.springframework.beans.factory.xml.XmlBeanDefinitionReader loadBeanDefinitions
信息: Loading XML bean definitions from file [E:/Program/javaEE/meilishuo/src/specification.xml]
十一月 13, 2016 11:08:25 上午 org.springframework.beans.factory.xml.XmlBeanDefinitionReader loadBeanDefinitions
信息: Loading XML bean definitions from file [E:/Program/javaEE/meilishuo/src/app1.xml]
十一月 13, 2016 11:08:25 上午 org.springframework.beans.factory.xml.XmlBeanDefinitionReader loadBeanDefinitions
信息: Loading XML bean definitions from file [E:/Program/javaEE/meilishuo/src/specification.xml]
十一月 13, 2016 11:09:47 上午 org.springframework.beans.factory.xml.XmlBeanDefinitionReader loadBeanDefinitions
信息: Loading XML bean definitions from file [E:/Program/javaEE/meilishuo/src/app1.xml]
十一月 13, 2016 11:09:47 上午 org.springframework.beans.factory.xml.XmlBeanDefinitionReader loadBeanDefinitions
信息: Loading XML bean definitions from file [E:/Program/javaEE/meilishuo/src/specification.xml]
十一月 13, 2016 11:10:13 上午 org.springframework.beans.factory.xml.XmlBeanDefinitionReader loadBeanDefinitions
信息: Loading XML bean definitions from file [E:/Program/javaEE/meilishuo/src/app1.xml]
十一月 13, 2016 11:10:13 上午 org.springframework.beans.factory.xml.XmlBeanDefinitionReader loadBeanDefinitions
信息: Loading XML bean definitions from file [E:/Program/javaEE/meilishuo/src/specification.xml]
十一月 13, 2016 11:13:45 上午 org.springframework.beans.factory.xml.XmlBeanDefinitionReader loadBeanDefinitions
信息: Loading XML bean definitions from file [E:/Program/javaEE/meilishuo/src/app1.xml]
十一月 13, 2016 11:13:45 上午 org.springframework.beans.factory.xml.XmlBeanDefinitionReader loadBeanDefinitions
信息: Loading XML bean definitions from file [E:/Program/javaEE/meilishuo/src/specification.xml]
十一月 13, 2016 11:17:19 上午 org.springframework.beans.factory.xml.XmlBeanDefinitionReader loadBeanDefinitions
信息: Loading XML bean definitions from file [E:/Program/javaEE/meilishuo/src/app1.xml]
十一月 13, 2016 11:17:19 上午 org.springframework.beans.factory.xml.XmlBeanDefinitionReader loadBeanDefinitions
信息: Loading XML bean definitions from file [E:/Program/javaEE/meilishuo/src/specification.xml]
十一月 13, 2016 11:19:25 上午 org.springframework.beans.factory.xml.XmlBeanDefinitionReader loadBeanDefinitions
信息: Loading XML bean definitions from file [E:/Program/javaEE/meilishuo/src/app1.xml]
十一月 13, 2016 11:19:25 上午 org.springframework.beans.factory.xml.XmlBeanDefinitionReader loadBeanDefinitions
信息: Loading XML bean definitions from file [E:/Program/javaEE/meilishuo/src/specification.xml]
十一月 13, 2016 11:21:38 上午 org.springframework.beans.factory.xml.XmlBeanDefinitionReader loadBeanDefinitions
信息: Loading XML bean definitions from file [E:/Program/javaEE/meilishuo/src/app1.xml]
十一月 13, 2016 11:21:38 上午 org.springframework.beans.factory.xml.XmlBeanDefinitionReader loadBeanDefinitions
信息: Loading XML bean definitions from file [E:/Program/javaEE/meilishuo/src/specification.xml]
十一月 13, 2016 12:04:48 下午 org.springframework.beans.factory.xml.XmlBeanDefinitionReader loadBeanDefinitions
信息: Loading XML bean definitions from file [E:/Program/javaEE/meilishuo/src/app1.xml]
十一月 13, 2016 12:04:48 下午 org.springframework.beans.factory.xml.XmlBeanDefinitionReader loadBeanDefinitions
信息: Loading XML bean definitions from file [E:/Program/javaEE/meilishuo/src/specification.xml]
十一月 13, 2016 12:08:24 下午 org.springframework.beans.factory.xml.XmlBeanDefinitionReader loadBeanDefinitions
信息: Loading XML bean definitions from file [E:/Program/javaEE/meilishuo/src/app1.xml]
十一月 13, 2016 12:08:24 下午 org.springframework.beans.factory.xml.XmlBeanDefinitionReader loadBeanDefinitions
信息: Loading XML bean definitions from file [E:/Program/javaEE/meilishuo/src/specification.xml]
十一月 13, 2016 2:57:51 下午 org.springframework.beans.factory.xml.XmlBeanDefinitionReader loadBeanDefinitions
信息: Loading XML bean definitions from file [E:/Program/javaEE/meilishuo/src/app1.xml]
十一月 13, 2016 2:57:51 下午 org.springframework.beans.factory.xml.XmlBeanDefinitionReader loadBeanDefinitions
信息: Loading XML bean definitions from file [E:/Program/javaEE/meilishuo/src/specification.xml]
十一月 13, 2016 2:59:51 下午 org.springframework.beans.factory.xml.XmlBeanDefinitionReader loadBeanDefinitions
信息: Loading XML bean definitions from file [E:/Program/javaEE/meilishuo/src/app1.xml]
十一月 13, 2016 2:59:51 下午 org.springframework.beans.factory.xml.XmlBeanDefinitionReader loadBeanDefinitions
信息: Loading XML bean definitions from file [E:/Program/javaEE/meilishuo/src/specification.xml]
十一月 13, 2016 3:01:54 下午 org.springframework.beans.factory.xml.XmlBeanDefinitionReader loadBeanDefinitions
信息: Loading XML bean definitions from file [E:/Program/javaEE/meilishuo/src/app1.xml]
十一月 13, 2016 3:01:54 下午 org.springframework.beans.factory.xml.XmlBeanDefinitionReader loadBeanDefinitions
信息: Loading XML bean definitions from file [E:/Program/javaEE/meilishuo/src/specification.xml]
十一月 13, 2016 4:56:25 下午 org.springframework.beans.factory.xml.XmlBeanDefinitionReader loadBeanDefinitions
信息: Loading XML bean definitions from file [E:/Program/javaEE/meilishuo/src/app1.xml]
十一月 13, 2016 4:56:25 下午 org.springframework.beans.factory.xml.XmlBeanDefinitionReader loadBeanDefinitions
信息: Loading XML bean definitions from file [E:/Program/javaEE/meilishuo/src/specification.xml]
十一月 13, 2016 9:40:10 下午 org.springframework.beans.factory.xml.XmlBeanDefinitionReader loadBeanDefinitions
信息: Loading XML bean definitions from file [E:/Program/javaEE/meilishuo/src/app1.xml]
十一月 13, 2016 9:40:10 下午 org.springframework.beans.factory.xml.XmlBeanDefinitionReader loadBeanDefinitions
信息: Loading XML bean definitions from file [E:/Program/javaEE/meilishuo/src/specification.xml]
